{"/Users/christopherclark/Desktop/-REST---Mongoose/app/controllers/teamController.js": {"path":"/Users/christopherclark/Desktop/-REST---Mongoose/app/controllers/teamController.js","statementMap":{"0":{"start":{"line":2,"column":13},"end":{"line":2,"column":43}},"1":{"start":{"line":3,"column":17},"end":{"line":3,"column":39}},"2":{"start":{"line":6,"column":17},"end":{"line":47,"column":1}},"3":{"start":{"line":7,"column":2},"end":{"line":46,"column":3}},"4":{"start":{"line":9,"column":24},"end":{"line":9,"column":49}},"5":{"start":{"line":10,"column":21},"end":{"line":15,"column":5}},"6":{"start":{"line":13,"column":19},"end":{"line":13,"column":30}},"7":{"start":{"line":18,"column":16},"end":{"line":18,"column":35}},"8":{"start":{"line":21,"column":4},"end":{"line":26,"column":5}},"9":{"start":{"line":22,"column":21},"end":{"line":22,"column":58}},"10":{"start":{"line":23,"column":6},"end":{"line":23,"column":35}},"11":{"start":{"line":25,"column":6},"end":{"line":25,"column":35}},"12":{"start":{"line":29,"column":4},"end":{"line":32,"column":5}},"13":{"start":{"line":30,"column":21},"end":{"line":30,"column":56}},"14":{"start":{"line":31,"column":6},"end":{"line":31,"column":33}},"15":{"start":{"line":35,"column":17},"end":{"line":35,"column":46}},"16":{"start":{"line":36,"column":18},"end":{"line":36,"column":49}},"17":{"start":{"line":37,"column":17},"end":{"line":37,"column":35}},"18":{"start":{"line":38,"column":4},"end":{"line":38,"column":42}},"19":{"start":{"line":40,"column":18},"end":{"line":40,"column":29}},"20":{"start":{"line":41,"column":4},"end":{"line":41,"column":32}},"21":{"start":{"line":43,"column":4},"end":{"line":45,"column":70}},"22":{"start":{"line":50,"column":20},"end":{"line":65,"column":1}},"23":{"start":{"line":51,"column":2},"end":{"line":64,"column":3}},"24":{"start":{"line":53,"column":17},"end":{"line":53,"column":66}},"25":{"start":{"line":55,"column":4},"end":{"line":57,"column":5}},"26":{"start":{"line":56,"column":6},"end":{"line":56,"column":72}},"27":{"start":{"line":59,"column":4},"end":{"line":59,"column":31}},"28":{"start":{"line":61,"column":4},"end":{"line":63,"column":70}},"29":{"start":{"line":68,"column":19},"end":{"line":82,"column":1}},"30":{"start":{"line":69,"column":2},"end":{"line":81,"column":3}},"31":{"start":{"line":71,"column":20},"end":{"line":71,"column":38}},"32":{"start":{"line":72,"column":22},"end":{"line":72,"column":42}},"33":{"start":{"line":74,"column":22},"end":{"line":74,"column":71}},"34":{"start":{"line":76,"column":4},"end":{"line":76,"column":36}},"35":{"start":{"line":78,"column":4},"end":{"line":80,"column":70}},"36":{"start":{"line":85,"column":19},"end":{"line":104,"column":1}},"37":{"start":{"line":86,"column":2},"end":{"line":103,"column":3}},"38":{"start":{"line":88,"column":24},"end":{"line":92,"column":20}},"39":{"start":{"line":94,"column":4},"end":{"line":96,"column":5}},"40":{"start":{"line":95,"column":6},"end":{"line":95,"column":72}},"41":{"start":{"line":98,"column":4},"end":{"line":98,"column":38}},"42":{"start":{"line":100,"column":4},"end":{"line":102,"column":70}},"43":{"start":{"line":107,"column":19},"end":{"line":122,"column":1}},"44":{"start":{"line":108,"column":2},"end":{"line":121,"column":3}},"45":{"start":{"line":110,"column":24},"end":{"line":110,"column":67}},"46":{"start":{"line":112,"column":4},"end":{"line":114,"column":5}},"47":{"start":{"line":113,"column":6},"end":{"line":113,"column":72}},"48":{"start":{"line":116,"column":4},"end":{"line":116,"column":61}},"49":{"start":{"line":118,"column":4},"end":{"line":120,"column":70}},"50":{"start":{"line":124,"column":0},"end":{"line":130,"column":2}}},"fnMap":{"0":{"name":"(anonymous_0)","decl":{"start":{"line":6,"column":17},"end":{"line":6,"column":18}},"loc":{"start":{"line":6,"column":37},"end":{"line":47,"column":1}},"line":6},"1":{"name":"(anonymous_1)","decl":{"start":{"line":13,"column":8},"end":{"line":13,"column":9}},"loc":{"start":{"line":13,"column":19},"end":{"line":13,"column":30}},"line":13},"2":{"name":"(anonymous_2)","decl":{"start":{"line":50,"column":20},"end":{"line":50,"column":21}},"loc":{"start":{"line":50,"column":40},"end":{"line":65,"column":1}},"line":50},"3":{"name":"(anonymous_3)","decl":{"start":{"line":68,"column":19},"end":{"line":68,"column":20}},"loc":{"start":{"line":68,"column":39},"end":{"line":82,"column":1}},"line":68},"4":{"name":"(anonymous_4)","decl":{"start":{"line":85,"column":19},"end":{"line":85,"column":20}},"loc":{"start":{"line":85,"column":39},"end":{"line":104,"column":1}},"line":85},"5":{"name":"(anonymous_5)","decl":{"start":{"line":107,"column":19},"end":{"line":107,"column":20}},"loc":{"start":{"line":107,"column":39},"end":{"line":122,"column":1}},"line":107}},"branchMap":{"0":{"loc":{"start":{"line":21,"column":4},"end":{"line":26,"column":5}},"type":"if","locations":[{"start":{"line":21,"column":4},"end":{"line":26,"column":5}},{"start":{"line":24,"column":11},"end":{"line":26,"column":5}}],"line":21},"1":{"loc":{"start":{"line":29,"column":4},"end":{"line":32,"column":5}},"type":"if","locations":[{"start":{"line":29,"column":4},"end":{"line":32,"column":5}},{"start":{},"end":{}}],"line":29},"2":{"loc":{"start":{"line":35,"column":17},"end":{"line":35,"column":46}},"type":"binary-expr","locations":[{"start":{"line":35,"column":17},"end":{"line":35,"column":41}},{"start":{"line":35,"column":45},"end":{"line":35,"column":46}}],"line":35},"3":{"loc":{"start":{"line":36,"column":18},"end":{"line":36,"column":49}},"type":"binary-expr","locations":[{"start":{"line":36,"column":18},"end":{"line":36,"column":43}},{"start":{"line":36,"column":47},"end":{"line":36,"column":49}}],"line":36},"4":{"loc":{"start":{"line":55,"column":4},"end":{"line":57,"column":5}},"type":"if","locations":[{"start":{"line":55,"column":4},"end":{"line":57,"column":5}},{"start":{},"end":{}}],"line":55},"5":{"loc":{"start":{"line":94,"column":4},"end":{"line":96,"column":5}},"type":"if","locations":[{"start":{"line":94,"column":4},"end":{"line":96,"column":5}},{"start":{},"end":{}}],"line":94},"6":{"loc":{"start":{"line":112,"column":4},"end":{"line":114,"column":5}},"type":"if","locations":[{"start":{"line":112,"column":4},"end":{"line":114,"column":5}},{"start":{},"end":{}}],"line":112}},"s":{"0":1,"1":1,"2":1,"3":6,"4":6,"5":6,"6":0,"7":6,"8":6,"9":2,"10":2,"11":4,"12":6,"13":2,"14":2,"15":6,"16":6,"17":6,"18":6,"19":6,"20":6,"21":0,"22":1,"23":0,"24":0,"25":0,"26":0,"27":0,"28":0,"29":1,"30":0,"31":0,"32":0,"33":0,"34":0,"35":0,"36":1,"37":0,"38":0,"39":0,"40":0,"41":0,"42":0,"43":1,"44":0,"45":0,"46":0,"47":0,"48":0,"49":0,"50":1},"f":{"0":6,"1":0,"2":0,"3":0,"4":0,"5":0},"b":{"0":[2,4],"1":[2,4],"2":[6,4],"3":[6,4],"4":[0,0],"5":[0,0],"6":[0,0]},"_coverageSchema":"1a1c01bbd47fc00a2c39e90264f33305004495a9","hash":"14bbc57038c1cd2938790b2608caabad28271994"}
,"/Users/christopherclark/Desktop/-REST---Mongoose/app/messages/index.js": {"path":"/Users/christopherclark/Desktop/-REST---Mongoose/app/messages/index.js","statementMap":{"0":{"start":{"line":2,"column":0},"end":{"line":8,"column":2}}},"fnMap":{},"branchMap":{},"s":{"0":1},"f":{},"b":{},"_coverageSchema":"1a1c01bbd47fc00a2c39e90264f33305004495a9","hash":"00f4d1ef482fedd8446bc3f9de436d10b1b9337c"}
,"/Users/christopherclark/Desktop/-REST---Mongoose/app/models/teamModel.js": {"path":"/Users/christopherclark/Desktop/-REST---Mongoose/app/models/teamModel.js","statementMap":{"0":{"start":{"line":2,"column":17},"end":{"line":2,"column":36}},"1":{"start":{"line":4,"column":19},"end":{"line":34,"column":1}},"2":{"start":{"line":36,"column":0},"end":{"line":36,"column":52}}},"fnMap":{},"branchMap":{},"s":{"0":1,"1":1,"2":1},"f":{},"b":{},"_coverageSchema":"1a1c01bbd47fc00a2c39e90264f33305004495a9","hash":"bde168caeb376d182eb235e8923fe8aeef360be0"}
}
