TN:
SF:app/controllers/teamController.js
FN:6,(anonymous_0)
FN:13,(anonymous_1)
FN:50,(anonymous_2)
FN:68,(anonymous_3)
FN:85,(anonymous_4)
FN:107,(anonymous_5)
FNF:6
FNH:1
FNDA:6,(anonymous_0)
FNDA:0,(anonymous_1)
FNDA:0,(anonymous_2)
FNDA:0,(anonymous_3)
FNDA:0,(anonymous_4)
FNDA:0,(anonymous_5)
DA:2,1
DA:3,1
DA:6,1
DA:7,6
DA:9,6
DA:10,6
DA:13,0
DA:18,6
DA:21,6
DA:22,2
DA:23,2
DA:25,4
DA:29,6
DA:30,2
DA:31,2
DA:35,6
DA:36,6
DA:37,6
DA:38,6
DA:40,6
DA:41,6
DA:43,0
DA:50,1
DA:51,0
DA:53,0
DA:55,0
DA:56,0
DA:59,0
DA:61,0
DA:68,1
DA:69,0
DA:71,0
DA:72,0
DA:74,0
DA:76,0
DA:78,0
DA:85,1
DA:86,0
DA:88,0
DA:94,0
DA:95,0
DA:98,0
DA:100,0
DA:107,1
DA:108,0
DA:110,0
DA:112,0
DA:113,0
DA:116,0
DA:118,0
DA:124,1
LF:51
LH:25
BRDA:21,0,0,2
BRDA:21,0,1,4
BRDA:29,1,0,2
BRDA:29,1,1,4
BRDA:35,2,0,6
BRDA:35,2,1,4
BRDA:36,3,0,6
BRDA:36,3,1,4
BRDA:55,4,0,0
BRDA:55,4,1,0
BRDA:94,5,0,0
BRDA:94,5,1,0
BRDA:112,6,0,0
BRDA:112,6,1,0
BRF:14
BRH:8
end_of_record
TN:
SF:app/messages/index.js
FNF:0
FNH:0
DA:2,1
LF:1
LH:1
BRF:0
BRH:0
end_of_record
TN:
SF:app/models/teamModel.js
FNF:0
FNH:0
DA:2,1
DA:4,1
DA:36,1
LF:3
LH:3
BRF:0
BRH:0
end_of_record
